

[20.03.2018 15:26:41] Start.  Version OS: Windows NT 6.01.7601 Service Pack 1
  Programm version: 2014.3.0.653b
  Disk FreeBytesAvailable: 439669 MB
  V.G. version: 30.05.2016, CO: R+,I+,Q+,D+
  File config: C:\SYSTEM.CDP.UZ.down\ed_cdp.ini (MD5: 3437E9D81013CA2494D71539390130CD)
  Main ADDR, PORT for communication: 192.168.0.20:3026
  PathDB=192.168.0.20:C:\SYSTEM.CDP.UZ.down\Data\Base\CDP.FDB
  DBUser=ED_UZ
[20.03.2018 15:26:41] DB Check version:
  Server Version : WI-V2.1.3.18185 Firebird 2.1
  Server Implementation :Firebird/x86/Windows NT
  Service Version :2

  Num_client_cdp_1=1
[20.03.2018 15:26:46] Некоректне завантаження АРМ!


[20.03.2018 16:14:26] Start.  Version OS: Windows NT 6.01.7601 Service Pack 1
  Programm version: 2014.3.0.664b
  Disk FreeBytesAvailable: 439671 MB
  V.G. version: 30.05.2016, CO: R+,I+,Q+,D+
  File config: C:\SYSTEM.CDP.UZ.down\ed_cdp.ini (MD5: 3437E9D81013CA2494D71539390130CD)
  Main ADDR, PORT for communication: 192.168.0.20:3026
  PathDB=192.168.0.20:C:\SYSTEM.CDP.UZ.down\Data\Base\CDP.FDB
  DBUser=ED_UZ
[20.03.2018 16:14:26] DB Check version:
  Server Version : WI-V2.1.3.18185 Firebird 2.1
  Server Implementation :Firebird/x86/Windows NT
  Service Version :2

  Num_client_cdp_1=1
[20.03.2018 16:14:32] Некоректне завантаження АРМ!
[20.03.2018 16:14:34] Exit.


[20.03.2018 16:17:39] Start.  Version OS: Windows NT 6.01.7601 Service Pack 1
  Programm version: 2014.3.0.664b
  Disk FreeBytesAvailable: 439671 MB
  V.G. version: 30.05.2016, CO: R+,I+,Q+,D+
  File config: C:\SYSTEM.CDP.UZ.down\ed_cdp.ini (MD5: B52CD40A87C144D417435C8931DDEBE2)
  Main ADDR, PORT for communication: 192.168.0.20:3026
  PathDB=192.168.0.20:C:\SYSTEM.CDP.UZ.down\Data\Base\CDP.FDB
  DBUser=ED_UZ
[20.03.2018 16:17:39] DB Check version:
  Server Version : WI-V2.1.3.18185 Firebird 2.1
  Server Implementation :Firebird/x86/Windows NT
  Service Version :2

  Num_client_cdp_1=1
[20.03.2018 16:17:43] Некоректне завантаження АРМ!
[20.03.2018 16:17:44] Exit.


[20.03.2018 16:26:18] Start.  Version OS: Windows NT 6.01.7601 Service Pack 1
  Programm version: 2014.3.0.664b
  Disk FreeBytesAvailable: 439671 MB
  V.G. version: 30.05.2016, CO: R+,I+,Q+,D+
  File config: C:\SYSTEM.CDP.UZ.down\ed_cdp.ini (MD5: 3437E9D81013CA2494D71539390130CD)
  Main ADDR, PORT for communication: 192.168.0.20:3026
  PathDB=192.168.0.20:C:\SYSTEM.CDP.UZ.down\Data\Base\CDP.FDB
  DBUser=ED_UZ
[20.03.2018 16:26:18] DB Check version:
  Server Version : WI-V2.1.3.18185 Firebird 2.1
  Server Implementation :Firebird/x86/Windows NT
  Service Version :2

  Num_client_cdp_1=1
[20.03.2018 16:26:27] Некоректне завантаження АРМ!
[20.03.2018 16:26:28] Exit.


[20.03.2018 16:26:37] Start.  Version OS: Windows NT 6.01.7601 Service Pack 1
  Programm version: 2014.3.0.664b
  Disk FreeBytesAvailable: 439671 MB
  V.G. version: 30.05.2016, CO: R+,I+,Q+,D+
  File config: C:\SYSTEM.CDP.UZ.down\ed_cdp.ini (MD5: 3437E9D81013CA2494D71539390130CD)
  Main ADDR, PORT for communication: 192.168.0.20:3026
  PathDB=192.168.0.20:C:\SYSTEM.CDP.UZ.down\Data\Base\CDP.FDB
  DBUser=ED_UZ
[20.03.2018 16:26:37] DB Check version:
  Server Version : WI-V2.1.3.18185 Firebird 2.1
  Server Implementation :Firebird/x86/Windows NT
  Service Version :2

  Num_client_cdp_1=1
[20.03.2018 16:26:40] Некоректне завантаження АРМ!
[20.03.2018 16:26:41] Exit.
